<!DOCTYPE html>
<html>
<head>
    <title>Unittest Results</title>
    <meta charset="utf-8">
    <meta name="viewport" content="width=device-width, initial-scale=1.0">
    <link rel="stylesheet" href="https://maxcdn.bootstrapcdn.com/bootstrap/3.3.6/css/bootstrap.min.css" integrity="sha384-1q8mTJOASx8j1Au+a5WDVnPi2lkFfwwEAa8hDDdjZlpLegxhjVME1fgjWPGmkzs7" crossorigin="anonymous">
</head>
<body>
    <div class="container">
        <div class="row">
            <div class="col-xs-12">
                <h2 class="text-capitalize">Unittest Results</h2>
                <p class='attribute'><strong>Start Time: </strong>2020-12-01 11:47:29</p>
                <p class='attribute'><strong>Duration: </strong>125.71 s</p>
                <p class='attribute'><strong>Summary: </strong>Total: 5, Pass: 2, Error: 3</p>
            </div>
        </div>
        <div class="row">
            <div class="col-xs-12 col-sm-10 col-md-10">
                <table class='table table-hover table-responsive'>
                    <thead>
                        <tr>
                            <th>__main__.Test_AMZN_Search</th>
                            <th>Status</th>
                            <th></th>
                        </tr>
                    </thead>
                    <tbody>
                        <tr class='success'>
                            <td class="col-xs-10">test_home_page_loaded_successfully</td>
                            <td class="col-xs-1">
                                <span class="label label-success" style="display:block;width:40px;">Pass</span>
                            </td>
                            <td class="col-xs-1">
                            </td>
                        </tr>
                        <tr class='warning'>
                            <td class="col-xs-10">test_user_must_signin_to_checkout</td>
                            <td class="col-xs-1">
                                <span class="label label-warning" style="display:block;width:40px;">Error</span>
                            </td>
                            <td class="col-xs-1">
                                <button class="btn btn-default btn-xs">View</button>
                            </td>
                        </tr>
                        <tr style="display:none;">
                            <td class="col-xs-9" colspan="3"><p style="color:maroon;">TimeoutException: Message: 
</p><p style="color:maroon;">Traceback (most recent call last):
  File "alltests.py", line 122, in test_user_must_signin_to_checkout
    self.cartPage.click_proceed_to_checkout_button()
  File "C:\Users\Adriano\Desktop\backup\Desktop\Git\selenium-scripts\python_work\Amazon\Resources\PO\Pages.py", line 107, in click_proceed_to_checkout_button
    self.click(Locators.PROCEED_TO_CHECKOUT_BUTTON)
  File "C:\Users\Adriano\Desktop\backup\Desktop\Git\selenium-scripts\python_work\Amazon\Resources\PO\Pages.py", line 30, in click
    WebDriverWait(self.driver, 10).until(EC.visibility_of_element_located(by_locator)).click()
  File "C:\Python\Python38\lib\site-packages\selenium\webdriver\support\wait.py", line 80, in until
    raise TimeoutException(message, screen, stacktrace)
selenium.common.exceptions.TimeoutException: Message: 

alltests.py:114: DeprecationWarning: use driver.switch_to.window instead
  self.searchResultsPage.driver.switch_to_window(self.searchResultsPage.driver.window_handles[0])
</p>
                            </td>
                        </tr>
                        <tr class='warning'>
                            <td class="col-xs-10">test_user_should_be_able_to_add_item_to_cart</td>
                            <td class="col-xs-1">
                                <span class="label label-warning" style="display:block;width:40px;">Error</span>
                            </td>
                            <td class="col-xs-1">
                                <button class="btn btn-default btn-xs">View</button>
                            </td>
                        </tr>
                        <tr style="display:none;">
                            <td class="col-xs-9" colspan="3"><p style="color:maroon;">TimeoutException: Message: 
</p><p style="color:maroon;">Traceback (most recent call last):
  File "alltests.py", line 84, in test_user_should_be_able_to_add_item_to_cart
    self.assertTrue(self.subCartPage.is_enabled(Locators.SUB_CART_DIV))
  File "C:\Users\Adriano\Desktop\backup\Desktop\Git\selenium-scripts\python_work\Amazon\Resources\PO\Pages.py", line 43, in is_enabled
    return WebDriverWait(self.driver, 10).until(EC.visibility_of_element_located(by_locator))
  File "C:\Python\Python38\lib\site-packages\selenium\webdriver\support\wait.py", line 80, in until
    raise TimeoutException(message, screen, stacktrace)
selenium.common.exceptions.TimeoutException: Message: 

</p>
                            </td>
                        </tr>
                        <tr class='warning'>
                            <td class="col-xs-10">test_user_should_be_able_to_delete_item_from_cart</td>
                            <td class="col-xs-1">
                                <span class="label label-warning" style="display:block;width:40px;">Error</span>
                            </td>
                            <td class="col-xs-1">
                                <button class="btn btn-default btn-xs">View</button>
                            </td>
                        </tr>
                        <tr style="display:none;">
                            <td class="col-xs-9" colspan="3"><p style="color:maroon;">IndexError: list index out of range</p><p style="color:maroon;">Traceback (most recent call last):
  File "alltests.py", line 94, in test_user_should_be_able_to_delete_item_from_cart
    self.searchResultsPage.driver.switch_to_window(self.searchResultsPage.driver.window_handles[1])
IndexError: list index out of range
</p>
                            </td>
                        </tr>
                        <tr class='success'>
                            <td class="col-xs-10">test_user_should_be_able_to_search</td>
                            <td class="col-xs-1">
                                <span class="label label-success" style="display:block;width:40px;">Pass</span>
                            </td>
                            <td class="col-xs-1">
                            </td>
                        </tr>
                        <tr>
                            <td colspan="3">
                                Total: 5, Pass: 2, Error: 3 -- Duration: 125.71 s
                            </td>
                        </tr>
                    </tbody>
                </table>
            </div>
        </div>
    </div>
    <script src="https://ajax.googleapis.com/ajax/libs/jquery/2.2.4/jquery.min.js"></script>
    <script type="text/javascript">
        $(document).ready(function(){
            $('td').on('click', '.btn', function(e){
                e.preventDefault();
                e.stopImmediatePropagation();
                var $this = $(this);
                var $nextRow = $this.closest('tr').next('tr');
                $nextRow.slideToggle("fast");
                $this.text(function(i, text){
                    if (text === 'View') {
                        return 'Hide';
                    } else {
                        return 'View';
                    };
                });
            });
        });
    </script>
</body>
</html